{"/Users/lamenace/Last_metro/server.js": {"path":"/Users/lamenace/Last_metro/server.js","statementMap":{"0":{"start":{"line":1,"column":16},"end":{"line":1,"column":34}},"1":{"start":{"line":2,"column":18},"end":{"line":2,"column":47}},"2":{"start":{"line":3,"column":20},"end":{"line":3,"column":40}},"3":{"start":{"line":4,"column":53},"end":{"line":4,"column":78}},"4":{"start":{"line":5,"column":40},"end":{"line":5,"column":63}},"5":{"start":{"line":6,"column":12},"end":{"line":6,"column":21}},"6":{"start":{"line":9,"column":13},"end":{"line":9,"column":37}},"7":{"start":{"line":12,"column":0},"end":{"line":12,"column":24}},"8":{"start":{"line":15,"column":0},"end":{"line":18,"column":4}},"9":{"start":{"line":21,"column":0},"end":{"line":24,"column":3}},"10":{"start":{"line":22,"column":2},"end":{"line":22,"column":52}},"11":{"start":{"line":23,"column":2},"end":{"line":23,"column":24}},"12":{"start":{"line":27,"column":0},"end":{"line":57,"column":3}},"13":{"start":{"line":28,"column":16},"end":{"line":28,"column":26}},"14":{"start":{"line":31,"column":23},"end":{"line":31,"column":31}},"15":{"start":{"line":32,"column":2},"end":{"line":54,"column":4}},"16":{"start":{"line":33,"column":21},"end":{"line":33,"column":39}},"17":{"start":{"line":34,"column":23},"end":{"line":34,"column":86}},"18":{"start":{"line":35,"column":4},"end":{"line":35,"column":28}},"19":{"start":{"line":38,"column":4},"end":{"line":51,"column":5}},"20":{"start":{"line":39,"column":6},"end":{"line":50,"column":9}},"21":{"start":{"line":49,"column":8},"end":{"line":49,"column":54}},"22":{"start":{"line":53,"column":4},"end":{"line":53,"column":34}},"23":{"start":{"line":56,"column":2},"end":{"line":56,"column":9}},"24":{"start":{"line":82,"column":0},"end":{"line":104,"column":3}},"25":{"start":{"line":83,"column":2},"end":{"line":103,"column":3}},"26":{"start":{"line":84,"column":22},"end":{"line":84,"column":44}},"27":{"start":{"line":86,"column":4},"end":{"line":97,"column":5}},"28":{"start":{"line":87,"column":6},"end":{"line":91,"column":9}},"29":{"start":{"line":93,"column":6},"end":{"line":96,"column":9}},"30":{"start":{"line":99,"column":4},"end":{"line":102,"column":7}},"31":{"start":{"line":215,"column":0},"end":{"line":272,"column":3}},"32":{"start":{"line":216,"column":2},"end":{"line":271,"column":3}},"33":{"start":{"line":217,"column":24},"end":{"line":217,"column":33}},"34":{"start":{"line":220,"column":4},"end":{"line":222,"column":5}},"35":{"start":{"line":221,"column":6},"end":{"line":221,"column":64}},"36":{"start":{"line":225,"column":24},"end":{"line":225,"column":71}},"37":{"start":{"line":227,"column":4},"end":{"line":234,"column":5}},"38":{"start":{"line":229,"column":26},"end":{"line":229,"column":69}},"39":{"start":{"line":230,"column":6},"end":{"line":233,"column":9}},"40":{"start":{"line":232,"column":42},"end":{"line":232,"column":48}},"41":{"start":{"line":237,"column":24},"end":{"line":237,"column":109}},"42":{"start":{"line":240,"column":22},"end":{"line":240,"column":80}},"43":{"start":{"line":243,"column":4},"end":{"line":250,"column":5}},"44":{"start":{"line":244,"column":6},"end":{"line":249,"column":9}},"45":{"start":{"line":253,"column":4},"end":{"line":263,"column":7}},"46":{"start":{"line":266,"column":4},"end":{"line":266,"column":46}},"47":{"start":{"line":267,"column":4},"end":{"line":270,"column":7}},"48":{"start":{"line":308,"column":0},"end":{"line":328,"column":3}},"49":{"start":{"line":309,"column":2},"end":{"line":327,"column":3}},"50":{"start":{"line":310,"column":21},"end":{"line":310,"column":49}},"51":{"start":{"line":312,"column":4},"end":{"line":320,"column":7}},"52":{"start":{"line":313,"column":41},"end":{"line":318,"column":7}},"53":{"start":{"line":322,"column":4},"end":{"line":322,"column":44}},"54":{"start":{"line":323,"column":4},"end":{"line":326,"column":7}},"55":{"start":{"line":331,"column":0},"end":{"line":333,"column":3}},"56":{"start":{"line":332,"column":2},"end":{"line":332,"column":53}},"57":{"start":{"line":336,"column":15},"end":{"line":347,"column":2}},"58":{"start":{"line":337,"column":2},"end":{"line":337,"column":62}},"59":{"start":{"line":338,"column":2},"end":{"line":338,"column":66}},"60":{"start":{"line":339,"column":2},"end":{"line":339,"column":85}},"61":{"start":{"line":340,"column":2},"end":{"line":340,"column":68}},"62":{"start":{"line":341,"column":2},"end":{"line":341,"column":74}},"63":{"start":{"line":342,"column":2},"end":{"line":342,"column":73}},"64":{"start":{"line":345,"column":2},"end":{"line":345,"column":62}},"65":{"start":{"line":346,"column":2},"end":{"line":346,"column":25}},"66":{"start":{"line":350,"column":0},"end":{"line":356,"column":3}},"67":{"start":{"line":351,"column":2},"end":{"line":351,"column":54}},"68":{"start":{"line":352,"column":2},"end":{"line":355,"column":5}},"69":{"start":{"line":353,"column":4},"end":{"line":353,"column":22}},"70":{"start":{"line":354,"column":4},"end":{"line":354,"column":20}},"71":{"start":{"line":358,"column":0},"end":{"line":364,"column":3}},"72":{"start":{"line":359,"column":2},"end":{"line":359,"column":53}},"73":{"start":{"line":360,"column":2},"end":{"line":363,"column":5}},"74":{"start":{"line":361,"column":4},"end":{"line":361,"column":22}},"75":{"start":{"line":362,"column":4},"end":{"line":362,"column":20}},"76":{"start":{"line":367,"column":0},"end":{"line":367,"column":21}}},"fnMap":{"0":{"name":"(anonymous_0)","decl":{"start":{"line":21,"column":26},"end":{"line":21,"column":27}},"loc":{"start":{"line":21,"column":40},"end":{"line":24,"column":1}},"line":21},"1":{"name":"(anonymous_1)","decl":{"start":{"line":27,"column":8},"end":{"line":27,"column":9}},"loc":{"start":{"line":27,"column":28},"end":{"line":57,"column":1}},"line":27},"2":{"name":"(anonymous_2)","decl":{"start":{"line":32,"column":13},"end":{"line":32,"column":14}},"loc":{"start":{"line":32,"column":28},"end":{"line":54,"column":3}},"line":32},"3":{"name":"(anonymous_3)","decl":{"start":{"line":48,"column":14},"end":{"line":48,"column":15}},"loc":{"start":{"line":48,"column":21},"end":{"line":50,"column":7}},"line":48},"4":{"name":"(anonymous_4)","decl":{"start":{"line":82,"column":19},"end":{"line":82,"column":20}},"loc":{"start":{"line":82,"column":39},"end":{"line":104,"column":1}},"line":82},"5":{"name":"(anonymous_5)","decl":{"start":{"line":215,"column":23},"end":{"line":215,"column":24}},"loc":{"start":{"line":215,"column":43},"end":{"line":272,"column":1}},"line":215},"6":{"name":"(anonymous_6)","decl":{"start":{"line":232,"column":37},"end":{"line":232,"column":38}},"loc":{"start":{"line":232,"column":42},"end":{"line":232,"column":48}},"line":232},"7":{"name":"(anonymous_7)","decl":{"start":{"line":308,"column":21},"end":{"line":308,"column":22}},"loc":{"start":{"line":308,"column":41},"end":{"line":328,"column":1}},"line":308},"8":{"name":"(anonymous_8)","decl":{"start":{"line":313,"column":29},"end":{"line":313,"column":30}},"loc":{"start":{"line":313,"column":41},"end":{"line":318,"column":7}},"line":313},"9":{"name":"(anonymous_9)","decl":{"start":{"line":331,"column":13},"end":{"line":331,"column":14}},"loc":{"start":{"line":331,"column":27},"end":{"line":333,"column":1}},"line":331},"10":{"name":"(anonymous_10)","decl":{"start":{"line":336,"column":32},"end":{"line":336,"column":33}},"loc":{"start":{"line":336,"column":44},"end":{"line":347,"column":1}},"line":336},"11":{"name":"(anonymous_11)","decl":{"start":{"line":350,"column":22},"end":{"line":350,"column":23}},"loc":{"start":{"line":350,"column":34},"end":{"line":356,"column":1}},"line":350},"12":{"name":"(anonymous_12)","decl":{"start":{"line":352,"column":15},"end":{"line":352,"column":16}},"loc":{"start":{"line":352,"column":27},"end":{"line":355,"column":3}},"line":352},"13":{"name":"(anonymous_13)","decl":{"start":{"line":358,"column":21},"end":{"line":358,"column":22}},"loc":{"start":{"line":358,"column":33},"end":{"line":364,"column":1}},"line":358},"14":{"name":"(anonymous_14)","decl":{"start":{"line":360,"column":15},"end":{"line":360,"column":16}},"loc":{"start":{"line":360,"column":27},"end":{"line":363,"column":3}},"line":360}},"branchMap":{"0":{"loc":{"start":{"line":9,"column":13},"end":{"line":9,"column":37}},"type":"binary-expr","locations":[{"start":{"line":9,"column":13},"end":{"line":9,"column":29}},{"start":{"line":9,"column":33},"end":{"line":9,"column":37}}],"line":9},"1":{"loc":{"start":{"line":38,"column":4},"end":{"line":51,"column":5}},"type":"if","locations":[{"start":{"line":38,"column":4},"end":{"line":51,"column":5}},{"start":{},"end":{}}],"line":38},"2":{"loc":{"start":{"line":46,"column":8},"end":{"line":46,"column":60}},"type":"cond-expr","locations":[{"start":{"line":46,"column":44},"end":{"line":46,"column":53}},{"start":{"line":46,"column":56},"end":{"line":46,"column":60}}],"line":46},"3":{"loc":{"start":{"line":47,"column":8},"end":{"line":47,"column":54}},"type":"cond-expr","locations":[{"start":{"line":47,"column":31},"end":{"line":47,"column":35}},{"start":{"line":47,"column":38},"end":{"line":47,"column":54}}],"line":47},"4":{"loc":{"start":{"line":86,"column":4},"end":{"line":97,"column":5}},"type":"if","locations":[{"start":{"line":86,"column":4},"end":{"line":97,"column":5}},{"start":{"line":92,"column":11},"end":{"line":97,"column":5}}],"line":86},"5":{"loc":{"start":{"line":220,"column":4},"end":{"line":222,"column":5}},"type":"if","locations":[{"start":{"line":220,"column":4},"end":{"line":222,"column":5}},{"start":{},"end":{}}],"line":220},"6":{"loc":{"start":{"line":227,"column":4},"end":{"line":234,"column":5}},"type":"if","locations":[{"start":{"line":227,"column":4},"end":{"line":234,"column":5}},{"start":{},"end":{}}],"line":227},"7":{"loc":{"start":{"line":237,"column":24},"end":{"line":237,"column":109}},"type":"cond-expr","locations":[{"start":{"line":237,"column":55},"end":{"line":237,"column":75}},{"start":{"line":237,"column":78},"end":{"line":237,"column":109}}],"line":237},"8":{"loc":{"start":{"line":243,"column":4},"end":{"line":250,"column":5}},"type":"if","locations":[{"start":{"line":243,"column":4},"end":{"line":250,"column":5}},{"start":{},"end":{}}],"line":243},"9":{"loc":{"start":{"line":269,"column":15},"end":{"line":269,"column":79}},"type":"cond-expr","locations":[{"start":{"line":269,"column":56},"end":{"line":269,"column":67}},{"start":{"line":269,"column":70},"end":{"line":269,"column":79}}],"line":269},"10":{"loc":{"start":{"line":325,"column":15},"end":{"line":325,"column":79}},"type":"cond-expr","locations":[{"start":{"line":325,"column":56},"end":{"line":325,"column":67}},{"start":{"line":325,"column":70},"end":{"line":325,"column":79}}],"line":325}},"s":{"0":1,"1":1,"2":1,"3":1,"4":1,"5":1,"6":1,"7":1,"8":1,"9":1,"10":1,"11":1,"12":1,"13":9,"14":9,"15":9,"16":9,"17":9,"18":9,"19":9,"20":0,"21":0,"22":9,"23":9,"24":1,"25":4,"26":4,"27":2,"28":1,"29":1,"30":2,"31":1,"32":2,"33":2,"34":2,"35":2,"36":0,"37":0,"38":0,"39":0,"40":0,"41":0,"42":0,"43":0,"44":0,"45":0,"46":0,"47":0,"48":1,"49":1,"50":1,"51":0,"52":0,"53":1,"54":1,"55":1,"56":2,"57":1,"58":0,"59":0,"60":0,"61":0,"62":0,"63":0,"64":0,"65":0,"66":1,"67":0,"68":0,"69":0,"70":0,"71":1,"72":0,"73":0,"74":0,"75":0,"76":1},"f":{"0":1,"1":9,"2":9,"3":0,"4":4,"5":2,"6":0,"7":1,"8":0,"9":2,"10":0,"11":0,"12":0,"13":0,"14":0},"b":{"0":[1,1],"1":[0,9],"2":[0,0],"3":[0,0],"4":[1,1],"5":[2,0],"6":[0,0],"7":[0,0],"8":[0,0],"9":[0,0],"10":[0,1]},"_coverageSchema":"1a1c01bbd47fc00a2c39e90264f33305004495a9","hash":"71c78892e9c50b1dcd0d0b6cd86724d7b775cf53"}
,"/Users/lamenace/Last_metro/src/models.js": {"path":"/Users/lamenace/Last_metro/src/models.js","statementMap":{"0":{"start":{"line":1,"column":18},"end":{"line":1,"column":39}},"1":{"start":{"line":8,"column":19},"end":{"line":11,"column":14}},"2":{"start":{"line":12,"column":4},"end":{"line":12,"column":34}},"3":{"start":{"line":17,"column":19},"end":{"line":28,"column":52}},"4":{"start":{"line":29,"column":4},"end":{"line":29,"column":23}},"5":{"start":{"line":34,"column":19},"end":{"line":36,"column":5}},"6":{"start":{"line":37,"column":4},"end":{"line":37,"column":23}},"7":{"start":{"line":42,"column":19},"end":{"line":60,"column":20}},"8":{"start":{"line":62,"column":4},"end":{"line":62,"column":34}},"9":{"start":{"line":71,"column":19},"end":{"line":76,"column":27}},"10":{"start":{"line":78,"column":4},"end":{"line":78,"column":34}},"11":{"start":{"line":83,"column":16},"end":{"line":83,"column":29}},"12":{"start":{"line":84,"column":4},"end":{"line":84,"column":35}},"13":{"start":{"line":84,"column":19},"end":{"line":84,"column":35}},"14":{"start":{"line":85,"column":4},"end":{"line":85,"column":37}},"15":{"start":{"line":85,"column":19},"end":{"line":85,"column":37}},"16":{"start":{"line":86,"column":4},"end":{"line":86,"column":21}},"17":{"start":{"line":91,"column":20},"end":{"line":91,"column":40}},"18":{"start":{"line":92,"column":21},"end":{"line":92,"column":69}},"19":{"start":{"line":94,"column":4},"end":{"line":97,"column":5}},"20":{"start":{"line":96,"column":6},"end":{"line":96,"column":47}},"21":{"start":{"line":99,"column":15},"end":{"line":99,"column":29}},"22":{"start":{"line":100,"column":17},"end":{"line":100,"column":105}},"23":{"start":{"line":100,"column":22},"end":{"line":100,"column":105}},"24":{"start":{"line":103,"column":23},"end":{"line":103,"column":36}},"25":{"start":{"line":104,"column":30},"end":{"line":104,"column":61}},"26":{"start":{"line":105,"column":4},"end":{"line":105,"column":67}},"27":{"start":{"line":107,"column":23},"end":{"line":107,"column":36}},"28":{"start":{"line":108,"column":32},"end":{"line":108,"column":75}},"29":{"start":{"line":109,"column":4},"end":{"line":109,"column":69}},"30":{"start":{"line":112,"column":4},"end":{"line":114,"column":5}},"31":{"start":{"line":113,"column":6},"end":{"line":113,"column":39}},"32":{"start":{"line":117,"column":22},"end":{"line":117,"column":58}},"33":{"start":{"line":118,"column":17},"end":{"line":118,"column":52}},"34":{"start":{"line":120,"column":4},"end":{"line":127,"column":6}},"35":{"start":{"line":132,"column":15},"end":{"line":132,"column":29}},"36":{"start":{"line":133,"column":17},"end":{"line":133,"column":105}},"37":{"start":{"line":133,"column":22},"end":{"line":133,"column":105}},"38":{"start":{"line":136,"column":16},"end":{"line":136,"column":29}},"39":{"start":{"line":137,"column":4},"end":{"line":137,"column":30}},"40":{"start":{"line":140,"column":4},"end":{"line":142,"column":5}},"41":{"start":{"line":141,"column":6},"end":{"line":141,"column":37}},"42":{"start":{"line":144,"column":23},"end":{"line":144,"column":36}},"43":{"start":{"line":145,"column":4},"end":{"line":145,"column":37}},"44":{"start":{"line":148,"column":4},"end":{"line":150,"column":5}},"45":{"start":{"line":149,"column":6},"end":{"line":149,"column":51}},"46":{"start":{"line":152,"column":4},"end":{"line":154,"column":5}},"47":{"start":{"line":153,"column":6},"end":{"line":153,"column":39}},"48":{"start":{"line":156,"column":17},"end":{"line":156,"column":65}},"49":{"start":{"line":158,"column":4},"end":{"line":163,"column":6}},"50":{"start":{"line":167,"column":0},"end":{"line":170,"column":2}}},"fnMap":{"0":{"name":"(anonymous_0)","decl":{"start":{"line":7,"column":2},"end":{"line":7,"column":3}},"loc":{"start":{"line":7,"column":32},"end":{"line":13,"column":3}},"line":7},"1":{"name":"(anonymous_1)","decl":{"start":{"line":16,"column":2},"end":{"line":16,"column":3}},"loc":{"start":{"line":16,"column":54},"end":{"line":30,"column":3}},"line":16},"2":{"name":"(anonymous_2)","decl":{"start":{"line":33,"column":2},"end":{"line":33,"column":3}},"loc":{"start":{"line":33,"column":25},"end":{"line":38,"column":3}},"line":33},"3":{"name":"(anonymous_3)","decl":{"start":{"line":41,"column":2},"end":{"line":41,"column":3}},"loc":{"start":{"line":41,"column":47},"end":{"line":63,"column":3}},"line":41},"4":{"name":"(anonymous_4)","decl":{"start":{"line":70,"column":2},"end":{"line":70,"column":3}},"loc":{"start":{"line":70,"column":65},"end":{"line":79,"column":3}},"line":70},"5":{"name":"(anonymous_5)","decl":{"start":{"line":82,"column":2},"end":{"line":82,"column":3}},"loc":{"start":{"line":82,"column":39},"end":{"line":87,"column":3}},"line":82},"6":{"name":"(anonymous_6)","decl":{"start":{"line":90,"column":2},"end":{"line":90,"column":3}},"loc":{"start":{"line":90,"column":64},"end":{"line":128,"column":3}},"line":90},"7":{"name":"(anonymous_7)","decl":{"start":{"line":100,"column":17},"end":{"line":100,"column":18}},"loc":{"start":{"line":100,"column":22},"end":{"line":100,"column":105}},"line":100},"8":{"name":"(anonymous_8)","decl":{"start":{"line":131,"column":2},"end":{"line":131,"column":3}},"loc":{"start":{"line":131,"column":67},"end":{"line":164,"column":3}},"line":131},"9":{"name":"(anonymous_9)","decl":{"start":{"line":133,"column":17},"end":{"line":133,"column":18}},"loc":{"start":{"line":133,"column":22},"end":{"line":133,"column":105}},"line":133}},"branchMap":{"0":{"loc":{"start":{"line":12,"column":11},"end":{"line":12,"column":33}},"type":"binary-expr","locations":[{"start":{"line":12,"column":11},"end":{"line":12,"column":25}},{"start":{"line":12,"column":29},"end":{"line":12,"column":33}}],"line":12},"1":{"loc":{"start":{"line":16,"column":43},"end":{"line":16,"column":52}},"type":"default-arg","locations":[{"start":{"line":16,"column":51},"end":{"line":16,"column":52}}],"line":16},"2":{"loc":{"start":{"line":62,"column":11},"end":{"line":62,"column":33}},"type":"binary-expr","locations":[{"start":{"line":62,"column":11},"end":{"line":62,"column":25}},{"start":{"line":62,"column":29},"end":{"line":62,"column":33}}],"line":62},"3":{"loc":{"start":{"line":70,"column":44},"end":{"line":70,"column":63}},"type":"default-arg","locations":[{"start":{"line":70,"column":54},"end":{"line":70,"column":63}}],"line":70},"4":{"loc":{"start":{"line":78,"column":11},"end":{"line":78,"column":33}},"type":"binary-expr","locations":[{"start":{"line":78,"column":11},"end":{"line":78,"column":25}},{"start":{"line":78,"column":29},"end":{"line":78,"column":33}}],"line":78},"5":{"loc":{"start":{"line":82,"column":20},"end":{"line":82,"column":37}},"type":"default-arg","locations":[{"start":{"line":82,"column":27},"end":{"line":82,"column":37}}],"line":82},"6":{"loc":{"start":{"line":84,"column":4},"end":{"line":84,"column":35}},"type":"if","locations":[{"start":{"line":84,"column":4},"end":{"line":84,"column":35}},{"start":{},"end":{}}],"line":84},"7":{"loc":{"start":{"line":85,"column":4},"end":{"line":85,"column":37}},"type":"if","locations":[{"start":{"line":85,"column":4},"end":{"line":85,"column":37}},{"start":{},"end":{}}],"line":85},"8":{"loc":{"start":{"line":90,"column":46},"end":{"line":90,"column":62}},"type":"default-arg","locations":[{"start":{"line":90,"column":52},"end":{"line":90,"column":62}}],"line":90},"9":{"loc":{"start":{"line":94,"column":4},"end":{"line":97,"column":5}},"type":"if","locations":[{"start":{"line":94,"column":4},"end":{"line":97,"column":5}},{"start":{},"end":{}}],"line":94},"10":{"loc":{"start":{"line":112,"column":4},"end":{"line":114,"column":5}},"type":"if","locations":[{"start":{"line":112,"column":4},"end":{"line":114,"column":5}},{"start":{},"end":{}}],"line":112},"11":{"loc":{"start":{"line":131,"column":33},"end":{"line":131,"column":49}},"type":"default-arg","locations":[{"start":{"line":131,"column":39},"end":{"line":131,"column":49}}],"line":131},"12":{"loc":{"start":{"line":131,"column":51},"end":{"line":131,"column":65}},"type":"default-arg","locations":[{"start":{"line":131,"column":64},"end":{"line":131,"column":65}}],"line":131},"13":{"loc":{"start":{"line":140,"column":4},"end":{"line":142,"column":5}},"type":"if","locations":[{"start":{"line":140,"column":4},"end":{"line":142,"column":5}},{"start":{},"end":{}}],"line":140},"14":{"loc":{"start":{"line":148,"column":4},"end":{"line":150,"column":5}},"type":"if","locations":[{"start":{"line":148,"column":4},"end":{"line":150,"column":5}},{"start":{},"end":{}}],"line":148},"15":{"loc":{"start":{"line":152,"column":4},"end":{"line":154,"column":5}},"type":"if","locations":[{"start":{"line":152,"column":4},"end":{"line":154,"column":5}},{"start":{},"end":{}}],"line":152}},"s":{"0":2,"1":3,"2":3,"3":2,"4":2,"5":2,"6":2,"7":1,"8":1,"9":2,"10":2,"11":3,"12":3,"13":1,"14":2,"15":1,"16":1,"17":0,"18":0,"19":0,"20":0,"21":0,"22":0,"23":0,"24":0,"25":0,"26":0,"27":0,"28":0,"29":0,"30":0,"31":0,"32":0,"33":0,"34":0,"35":3,"36":3,"37":3,"38":3,"39":3,"40":3,"41":2,"42":3,"43":3,"44":3,"45":2,"46":3,"47":0,"48":3,"49":3,"50":2},"f":{"0":3,"1":2,"2":2,"3":1,"4":2,"5":3,"6":0,"7":0,"8":3,"9":3},"b":{"0":[3,1],"1":[1],"2":[1,0],"3":[0],"4":[2,1],"5":[0],"6":[1,2],"7":[1,1],"8":[0],"9":[0,0],"10":[0,0],"11":[0],"12":[2],"13":[2,1],"14":[2,1],"15":[0,3]},"_coverageSchema":"1a1c01bbd47fc00a2c39e90264f33305004495a9","hash":"b9b302fc41063281334610aebaf489ced17a6a03"}
}
