TN:
SF:server.js
FN:21,(anonymous_0)
FN:27,(anonymous_1)
FN:32,(anonymous_2)
FN:48,(anonymous_3)
FN:82,(anonymous_4)
FN:215,(anonymous_5)
FN:232,(anonymous_6)
FN:308,(anonymous_7)
FN:313,(anonymous_8)
FN:331,(anonymous_9)
FN:336,(anonymous_10)
FN:350,(anonymous_11)
FN:352,(anonymous_12)
FN:358,(anonymous_13)
FN:360,(anonymous_14)
FNF:15
FNH:7
FNDA:1,(anonymous_0)
FNDA:9,(anonymous_1)
FNDA:9,(anonymous_2)
FNDA:0,(anonymous_3)
FNDA:4,(anonymous_4)
FNDA:2,(anonymous_5)
FNDA:0,(anonymous_6)
FNDA:1,(anonymous_7)
FNDA:0,(anonymous_8)
FNDA:2,(anonymous_9)
FNDA:0,(anonymous_10)
FNDA:0,(anonymous_11)
FNDA:0,(anonymous_12)
FNDA:0,(anonymous_13)
FNDA:0,(anonymous_14)
DA:1,1
DA:2,1
DA:3,1
DA:4,1
DA:5,1
DA:6,1
DA:9,1
DA:12,1
DA:15,1
DA:21,1
DA:22,1
DA:23,1
DA:27,1
DA:28,9
DA:31,9
DA:32,9
DA:33,9
DA:34,9
DA:35,9
DA:38,9
DA:39,0
DA:49,0
DA:53,9
DA:56,9
DA:82,1
DA:83,4
DA:84,4
DA:86,2
DA:87,1
DA:93,1
DA:99,2
DA:215,1
DA:216,2
DA:217,2
DA:220,2
DA:221,2
DA:225,0
DA:227,0
DA:229,0
DA:230,0
DA:232,0
DA:237,0
DA:240,0
DA:243,0
DA:244,0
DA:253,0
DA:266,0
DA:267,0
DA:308,1
DA:309,1
DA:310,1
DA:312,0
DA:313,0
DA:322,1
DA:323,1
DA:331,1
DA:332,2
DA:336,1
DA:337,0
DA:338,0
DA:339,0
DA:340,0
DA:341,0
DA:342,0
DA:345,0
DA:346,0
DA:350,1
DA:351,0
DA:352,0
DA:353,0
DA:354,0
DA:358,1
DA:359,0
DA:360,0
DA:361,0
DA:362,0
DA:367,1
LF:77
LH:45
BRDA:9,0,0,1
BRDA:9,0,1,1
BRDA:38,1,0,0
BRDA:38,1,1,9
BRDA:46,2,0,0
BRDA:46,2,1,0
BRDA:47,3,0,0
BRDA:47,3,1,0
BRDA:86,4,0,1
BRDA:86,4,1,1
BRDA:220,5,0,2
BRDA:220,5,1,0
BRDA:227,6,0,0
BRDA:227,6,1,0
BRDA:237,7,0,0
BRDA:237,7,1,0
BRDA:243,8,0,0
BRDA:243,8,1,0
BRDA:269,9,0,0
BRDA:269,9,1,0
BRDA:325,10,0,0
BRDA:325,10,1,1
BRF:22
BRH:7
end_of_record
TN:
SF:src/models.js
FN:7,(anonymous_0)
FN:16,(anonymous_1)
FN:33,(anonymous_2)
FN:41,(anonymous_3)
FN:70,(anonymous_4)
FN:82,(anonymous_5)
FN:90,(anonymous_6)
FN:100,(anonymous_7)
FN:131,(anonymous_8)
FN:133,(anonymous_9)
FNF:10
FNH:8
FNDA:3,(anonymous_0)
FNDA:2,(anonymous_1)
FNDA:2,(anonymous_2)
FNDA:1,(anonymous_3)
FNDA:2,(anonymous_4)
FNDA:3,(anonymous_5)
FNDA:0,(anonymous_6)
FNDA:0,(anonymous_7)
FNDA:3,(anonymous_8)
FNDA:3,(anonymous_9)
DA:1,2
DA:8,3
DA:12,3
DA:17,2
DA:29,2
DA:34,2
DA:37,2
DA:42,1
DA:62,1
DA:71,2
DA:78,2
DA:83,3
DA:84,3
DA:85,2
DA:86,1
DA:91,0
DA:92,0
DA:94,0
DA:96,0
DA:99,0
DA:100,0
DA:103,0
DA:104,0
DA:105,0
DA:107,0
DA:108,0
DA:109,0
DA:112,0
DA:113,0
DA:117,0
DA:118,0
DA:120,0
DA:132,3
DA:133,3
DA:136,3
DA:137,3
DA:140,3
DA:141,2
DA:144,3
DA:145,3
DA:148,3
DA:149,2
DA:152,3
DA:153,0
DA:156,3
DA:158,3
DA:167,2
LF:47
LH:29
BRDA:12,0,0,3
BRDA:12,0,1,1
BRDA:16,1,0,1
BRDA:62,2,0,1
BRDA:62,2,1,0
BRDA:70,3,0,0
BRDA:78,4,0,2
BRDA:78,4,1,1
BRDA:82,5,0,0
BRDA:84,6,0,1
BRDA:84,6,1,2
BRDA:85,7,0,1
BRDA:85,7,1,1
BRDA:90,8,0,0
BRDA:94,9,0,0
BRDA:94,9,1,0
BRDA:112,10,0,0
BRDA:112,10,1,0
BRDA:131,11,0,0
BRDA:131,12,0,2
BRDA:140,13,0,2
BRDA:140,13,1,1
BRDA:148,14,0,2
BRDA:148,14,1,1
BRDA:152,15,0,0
BRDA:152,15,1,3
BRF:26
BRH:16
end_of_record
